Traceback (most recent call last):
  File "form2.py", line 25, in <module>
    root = Tk()
  File "/usr/lib/python3.7/tkinter/__init__.py", line 2023, in __init__
    self.tk = _tkinter.create(screenName, baseName, className, interactive, wantobjects, useTk, sync, use)
_tkinter.TclError: no display name and no $DISPLAY environment variable
Traceback (most recent call last):
  File "form2.py", line 27, in <module>
    root = Tk()
  File "/usr/lib/python3.7/tkinter/__init__.py", line 2023, in __init__
    self.tk = _tkinter.create(screenName, baseName, className, interactive, wantobjects, useTk, sync, use)
_tkinter.TclError: no display name and no $DISPLAY environment variable
Traceback (most recent call last):
  File "form2.py", line 30, in <module>
    root = Tk()
  File "/usr/lib/python3.7/tkinter/__init__.py", line 2023, in __init__
    self.tk = _tkinter.create(screenName, baseName, className, interactive, wantobjects, useTk, sync, use)
_tkinter.TclError: no display name and no $DISPLAY environment variable
Traceback (most recent call last):
  File "form2.py", line 30, in <module>
    root = Tk()
  File "/usr/lib/python3.7/tkinter/__init__.py", line 2023, in __init__
    self.tk = _tkinter.create(screenName, baseName, className, interactive, wantobjects, useTk, sync, use)
_tkinter.TclError: no display name and no $DISPLAY environment variable
